Determining if the pthread_create exist failed with the following output:
Change Dir: /home/uauser/Desktop/ArcadeGame/spec1.0/gtest/CMakeFiles/CMakeTmp

Run Build Command:/usr/bin/make "cmTryCompileExec4070906124/fast"
/usr/bin/make -f CMakeFiles/cmTryCompileExec4070906124.dir/build.make CMakeFiles/cmTryCompileExec4070906124.dir/build
make[1]: Entering directory `/home/uauser/Desktop/ArcadeGame/spec1.0/gtest/CMakeFiles/CMakeTmp'
/usr/bin/cmake -E cmake_progress_report /home/uauser/Desktop/ArcadeGame/spec1.0/gtest/CMakeFiles/CMakeTmp/CMakeFiles 1
Building C object CMakeFiles/cmTryCompileExec4070906124.dir/CheckSymbolExists.c.o
/usr/bin/gcc    -o CMakeFiles/cmTryCompileExec4070906124.dir/CheckSymbolExists.c.o   -c /home/uauser/Desktop/ArcadeGame/spec1.0/gtest/CMakeFiles/CMakeTmp/CheckSymbolExists.c
Linking C executable cmTryCompileExec4070906124
/usr/bin/cmake -E cmake_link_script CMakeFiles/cmTryCompileExec4070906124.dir/link.txt --verbose=1
/usr/bin/gcc       CMakeFiles/cmTryCompileExec4070906124.dir/CheckSymbolExists.c.o  -o cmTryCompileExec4070906124 -rdynamic 
CMakeFiles/cmTryCompileExec4070906124.dir/CheckSymbolExists.c.o: In function `main':
CheckSymbolExists.c:(.text+0x16): undefined reference to `pthread_create'
collect2: error: ld returned 1 exit status
make[1]: *** [cmTryCompileExec4070906124] Error 1
make[1]: Leaving directory `/home/uauser/Desktop/ArcadeGame/spec1.0/gtest/CMakeFiles/CMakeTmp'
make: *** [cmTryCompileExec4070906124/fast] Error 2

File /home/uauser/Desktop/ArcadeGame/spec1.0/gtest/CMakeFiles/CMakeTmp/CheckSymbolExists.c:
/* */
#include <pthread.h>

int main(int argc, char** argv)
{
  (void)argv;
#ifndef pthread_create
  return ((int*)(&pthread_create))[argc];
#else
  (void)argc;
  return 0;
#endif
}

Determining if the function pthread_create exists in the pthreads failed with the following output:
Change Dir: /home/uauser/Desktop/ArcadeGame/spec1.0/gtest/CMakeFiles/CMakeTmp

Run Build Command:/usr/bin/make "cmTryCompileExec2971535939/fast"
/usr/bin/make -f CMakeFiles/cmTryCompileExec2971535939.dir/build.make CMakeFiles/cmTryCompileExec2971535939.dir/build
make[1]: Entering directory `/home/uauser/Desktop/ArcadeGame/spec1.0/gtest/CMakeFiles/CMakeTmp'
/usr/bin/cmake -E cmake_progress_report /home/uauser/Desktop/ArcadeGame/spec1.0/gtest/CMakeFiles/CMakeTmp/CMakeFiles 1
Building C object CMakeFiles/cmTryCompileExec2971535939.dir/CheckFunctionExists.c.o
/usr/bin/gcc   -DCHECK_FUNCTION_EXISTS=pthread_create   -o CMakeFiles/cmTryCompileExec2971535939.dir/CheckFunctionExists.c.o   -c /usr/share/cmake-2.8/Modules/CheckFunctionExists.c
Linking C executable cmTryCompileExec2971535939
/usr/bin/cmake -E cmake_link_script CMakeFiles/cmTryCompileExec2971535939.dir/link.txt --verbose=1
/usr/bin/gcc   -DCHECK_FUNCTION_EXISTS=pthread_create    CMakeFiles/cmTryCompileExec2971535939.dir/CheckFunctionExists.c.o  -o cmTryCompileExec2971535939 -rdynamic -lpthreads 
/usr/bin/ld: cannot find -lpthreads
collect2: error: ld returned 1 exit status
make[1]: *** [cmTryCompileExec2971535939] Error 1
make[1]: Leaving directory `/home/uauser/Desktop/ArcadeGame/spec1.0/gtest/CMakeFiles/CMakeTmp'
make: *** [cmTryCompileExec2971535939/fast] Error 2


